<?xml version="1.0" encoding="UTF-8"?>
<!-- Generated by org.testng.reporters.JUnitReportReporter -->
<testsuite hostname="DESKTOP-V8DLA1I" name="com.test.TestNGbasics" tests="3" failures="0" timestamp="14 Jul 2019 12:56:20 GMT" time="0.014" errors="0">
  <testcase name="googlelogotest" time="0.008" classname="com.test.TestNGbasics"/>
  <testcase name="googletitletest" time="0.003" classname="com.test.TestNGbasics"/>
  <testcase name="searchTest" time="0.003" classname="com.test.TestNGbasics"/>
</testsuite> <!-- com.test.TestNGbasics -->
