<?xml version="1.0" encoding="UTF-8"?>
<!-- Generated by org.testng.reporters.JUnitReportReporter -->
<testsuite hostname="DESKTOP-V8DLA1I" name="com.test.ExceptionTimeOutTest" tests="1" failures="0" timestamp="9 Aug 2019 03:54:01 GMT" time="0.013" errors="0">
  <testcase name="test" time="0.013" classname="com.test.ExceptionTimeOutTest"/>
</testsuite> <!-- com.test.ExceptionTimeOutTest -->
