<?xml version="1.0" encoding="UTF-8"?>
<!-- Generated by org.testng.reporters.JUnitReportReporter -->
<testsuite hostname="DESKTOP-V8DLA1I" name="com.test.GoogleTest" tests="6" failures="0" timestamp="9 Aug 2019 03:52:55 GMT" time="168.868" errors="0">
  <testcase name="test1" time="10.150" classname="com.test.GoogleTest"/>
  <testcase name="test" time="17.524" classname="com.test.GoogleTest"/>
  <testcase name="test2" time="21.954" classname="com.test.GoogleTest"/>
  <testcase name="gmaillinkTest" time="9.457" classname="com.test.GoogleTest"/>
  <testcase name="googlelogoTest" time="92.085" classname="com.test.GoogleTest"/>
  <testcase name="googleTitletets" time="17.698" classname="com.test.GoogleTest"/>
</testsuite> <!-- com.test.GoogleTest -->
