<?xml version="1.0" encoding="UTF-8"?>
<!-- Generated by org.testng.reporters.JUnitReportReporter -->
<testsuite hostname="DESKTOP-V8DLA1I" name="com.test.InvocationCounrTest" tests="10" failures="0" timestamp="16 Jul 2019 07:01:09 GMT" time="0.029" errors="0">
  <testcase name="sum" time="0.002" classname="com.test.InvocationCounrTest"/>
  <testcase name="sum" time="0.001" classname="com.test.InvocationCounrTest"/>
  <testcase name="sum" time="0.001" classname="com.test.InvocationCounrTest"/>
  <testcase name="sum" time="0.002" classname="com.test.InvocationCounrTest"/>
  <testcase name="sum" time="0.002" classname="com.test.InvocationCounrTest"/>
  <testcase name="sum" time="0.002" classname="com.test.InvocationCounrTest"/>
  <testcase name="sum" time="0.002" classname="com.test.InvocationCounrTest"/>
  <testcase name="sum" time="0.002" classname="com.test.InvocationCounrTest"/>
  <testcase name="sum" time="0.002" classname="com.test.InvocationCounrTest"/>
  <testcase name="sum" time="0.013" classname="com.test.InvocationCounrTest"/>
</testsuite> <!-- com.test.InvocationCounrTest -->
